BasicAppLibDemo/build/outputs/logs/manifest-merger-debug-report.txt
-- Merging decision tree log ---
manifest
ADDED from src\main\AndroidManifest.xml:2:1-226:12
	xmlns:android
		ADDED from src\main\AndroidManifest.xml:2:11-69
	package
		ADDED from src\main\AndroidManifest.xml:3:5-42
		INJECTED from src\main\AndroidManifest.xml
		INJECTED from src\main\AndroidManifest.xml
	android:versionName
		ADDED from src\main\AndroidManifest.xml:5:5-30
	android:versionCode
		ADDED from src\main\AndroidManifest.xml:4:5-28
		INJECTED from src\main\AndroidManifest.xml
		INJECTED from src\main\AndroidManifest.xml
uses-sdk
ADDED from src\main\AndroidManifest.xml:7:5-9:41
MERGED from [BasicAppLibrary:BasicAppLib:unspecified] AndroidManifest.xml:7:5-9:41
MERGED from [com.android.support:support-v4:20.0.0] AndroidManifest.xml:16:5-42
MERGED from [BasicAppLibrary:ptrlibrary:unspecified] AndroidManifest.xml:7:5-9:40
MERGED from [com.android.support:appcompat-v7:20.0.0] AndroidManifest.xml:16:5-42
MERGED from [com.android.support:support-v4:20.0.0] AndroidManifest.xml:16:5-42
	android:targetSdkVersion
		ADDED from src\main\AndroidManifest.xml:9:9-38
		INJECTED from src\main\AndroidManifest.xml
		INJECTED from src\main\AndroidManifest.xml
	android:minSdkVersion
		ADDED from src\main\AndroidManifest.xml:8:9-34
		INJECTED from src\main\AndroidManifest.xml
		INJECTED from src\main\AndroidManifest.xml
uses-permission#android.permission.READ_LOGS
ADDED from src\main\AndroidManifest.xml:11:5-68
	android:name
		ADDED from src\main\AndroidManifest.xml:11:22-65
uses-permission#android.permission.WRITE_EXTERNAL_STORAGE
ADDED from src\main\AndroidManifest.xml:12:5-81
	android:name
		ADDED from src\main\AndroidManifest.xml:12:22-78
uses-permission#android.permission.READ_EXTERNAL_STORAGE
ADDED from src\main\AndroidManifest.xml:13:5-80
	android:name
		ADDED from src\main\AndroidManifest.xml:13:22-77
uses-permission#android.permission.INTERNET
ADDED from src\main\AndroidManifest.xml:14:5-67
	android:name
		ADDED from src\main\AndroidManifest.xml:14:22-64
uses-permission#android.permission.ACCESS_NETWORK_STATE
ADDED from src\main\AndroidManifest.xml:15:5-79
	android:name
		ADDED from src\main\AndroidManifest.xml:15:22-76
uses-permission#android.permission.VIBRATE
ADDED from src\main\AndroidManifest.xml:16:5-66
	android:name
		ADDED from src\main\AndroidManifest.xml:16:22-63
uses-permission#android.permission.CAMERA
ADDED from src\main\AndroidManifest.xml:17:5-65
	android:name
		ADDED from src\main\AndroidManifest.xml:17:22-62
uses-permission#android.permission.FLASHLIGHT
ADDED from src\main\AndroidManifest.xml:18:5-69
	android:name
		ADDED from src\main\AndroidManifest.xml:18:22-66
uses-feature#android.hardware.camera
ADDED from src\main\AndroidManifest.xml:20:5-60
	android:name
		ADDED from src\main\AndroidManifest.xml:20:19-57
uses-feature#android.hardware.camera.autofocus
ADDED from src\main\AndroidManifest.xml:21:5-70
	android:name
		ADDED from src\main\AndroidManifest.xml:21:19-67
supports-screens
ADDED from src\main\AndroidManifest.xml:23:5-51
	android:anyDensity
		ADDED from src\main\AndroidManifest.xml:23:23-48
application
ADDED from src\main\AndroidManifest.xml:25:5-224:19
MERGED from [BasicAppLibrary:BasicAppLib:unspecified] AndroidManifest.xml:11:5-14:19
MERGED from [com.android.support:support-v4:20.0.0] AndroidManifest.xml:17:5-19
MERGED from [BasicAppLibrary:ptrlibrary:unspecified] AndroidManifest.xml:11:5-20
MERGED from [com.android.support:appcompat-v7:20.0.0] AndroidManifest.xml:17:5-19
MERGED from [com.android.support:support-v4:20.0.0] AndroidManifest.xml:17:5-19
	android:label
		ADDED from src\main\AndroidManifest.xml:29:9-41
	android:allowBackup
		ADDED from src\main\AndroidManifest.xml:27:9-35
	android:icon
		ADDED from src\main\AndroidManifest.xml:28:9-48
	android:theme
		ADDED from src\main\AndroidManifest.xml:30:9-40
	android:name
		ADDED from src\main\AndroidManifest.xml:26:9-38
activity#com.example.basicapplibdemo.MainActivity
ADDED from src\main\AndroidManifest.xml:31:9-39:20
	android:label
		ADDED from src\main\AndroidManifest.xml:33:13-45
	android:name
		ADDED from src\main\AndroidManifest.xml:32:13-41
intent-filter#android.intent.action.MAIN+android.intent.category.LAUNCHER
ADDED from src\main\AndroidManifest.xml:34:13-38:29
action#android.intent.action.MAIN
ADDED from src\main\AndroidManifest.xml:35:17-69
	android:name
		ADDED from src\main\AndroidManifest.xml:35:25-66
category#android.intent.category.LAUNCHER
ADDED from src\main\AndroidManifest.xml:37:17-77
	android:name
		ADDED from src\main\AndroidManifest.xml:37:27-74
activity#com.example.basicmodule.showlog.ShowLogActivity
ADDED from src\main\AndroidManifest.xml:40:9-43:20
	android:label
		ADDED from src\main\AndroidManifest.xml:42:13-49
	android:name
		ADDED from src\main\AndroidManifest.xml:41:13-75
activity#com.example.basicmodule.globalerr.ShowGlobalErrActivity
ADDED from src\main\AndroidManifest.xml:44:9-47:20
	android:label
		ADDED from src\main\AndroidManifest.xml:46:13-55
	android:name
		ADDED from src\main\AndroidManifest.xml:45:13-83
activity#com.example.basicmodule.multilanguage.ShowMultiLanguageActivity
ADDED from src\main\AndroidManifest.xml:48:9-51:20
	android:label
		ADDED from src\main\AndroidManifest.xml:50:13-59
	android:name
		ADDED from src\main\AndroidManifest.xml:49:13-91
activity#com.example.communicatemodule.eventbus.EventBusActivity
ADDED from src\main\AndroidManifest.xml:52:9-55:20
	android:label
		ADDED from src\main\AndroidManifest.xml:54:13-54
	android:name
		ADDED from src\main\AndroidManifest.xml:53:13-83
activity#com.example.communicatemodule.eventbus.EventBusTriggerActivity
ADDED from src\main\AndroidManifest.xml:56:9-59:20
	android:label
		ADDED from src\main\AndroidManifest.xml:58:13-54
	android:name
		ADDED from src\main\AndroidManifest.xml:57:13-90
activity#com.example.commonmodule.gson.ShowGSONActivity
ADDED from src\main\AndroidManifest.xml:60:9-63:20
	android:label
		ADDED from src\main\AndroidManifest.xml:62:13-50
	android:name
		ADDED from src\main\AndroidManifest.xml:61:13-74
activity#com.example.commonmodule.qrscan.QRScanActivity
ADDED from src\main\AndroidManifest.xml:64:9-67:20
	android:label
		ADDED from src\main\AndroidManifest.xml:66:13-52
	android:name
		ADDED from src\main\AndroidManifest.xml:65:13-74
activity#com.example.communicatemodule.http.HttpActivity
ADDED from src\main\AndroidManifest.xml:68:9-71:20
	android:label
		ADDED from src\main\AndroidManifest.xml:70:13-50
	android:name
		ADDED from src\main\AndroidManifest.xml:69:13-75
activity#com.example.uimodule.imageloader.LoadImageActivity
ADDED from src\main\AndroidManifest.xml:72:9-75:20
	android:label
		ADDED from src\main\AndroidManifest.xml:74:13-55
	android:name
		ADDED from src\main\AndroidManifest.xml:73:13-78
activity#com.example.uimodule.progressbar.ProgressbarActivity
ADDED from src\main\AndroidManifest.xml:76:17-79:20
	android:label
		ADDED from src\main\AndroidManifest.xml:78:13-57
	android:name
		ADDED from src\main\AndroidManifest.xml:77:13-80
activity#com.example.uimodule.progressbar.CircleProgressbarTitleActivity
ADDED from src\main\AndroidManifest.xml:80:9-83:20
	android:label
		ADDED from src\main\AndroidManifest.xml:82:13-57
	android:name
		ADDED from src\main\AndroidManifest.xml:81:13-91
activity#com.example.uimodule.progressbar.HorizontalProgressbarTitleActivity
ADDED from src\main\AndroidManifest.xml:84:10-87:20
	android:label
		ADDED from src\main\AndroidManifest.xml:86:13-57
	android:name
		ADDED from src\main\AndroidManifest.xml:85:13-95
activity#com.example.commonmodule.update.UpdateActivity
ADDED from src\main\AndroidManifest.xml:88:9-91:20
	android:label
		ADDED from src\main\AndroidManifest.xml:90:13-52
	android:name
		ADDED from src\main\AndroidManifest.xml:89:13-74
activity#com.example.communicatemodule.netstate.NetStateActivity
ADDED from src\main\AndroidManifest.xml:92:9-95:20
	android:label
		ADDED from src\main\AndroidManifest.xml:94:13-55
	android:name
		ADDED from src\main\AndroidManifest.xml:93:13-83
activity#com.example.communicatemodule.uploadfile.UploadFileActivity
ADDED from src\main\AndroidManifest.xml:96:9-99:20
	android:label
		ADDED from src\main\AndroidManifest.xml:98:13-56
	android:name
		ADDED from src\main\AndroidManifest.xml:97:13-87
activity#com.example.uimodule.cropper.CropperActivity
ADDED from src\main\AndroidManifest.xml:100:9-103:20
	android:label
		ADDED from src\main\AndroidManifest.xml:102:13-50
	android:name
		ADDED from src\main\AndroidManifest.xml:101:13-72
activity#com.example.uimodule.special.SpecialUIActivity
ADDED from src\main\AndroidManifest.xml:104:9-107:20
	android:label
		ADDED from src\main\AndroidManifest.xml:106:13-55
	android:name
		ADDED from src\main\AndroidManifest.xml:105:13-74
activity#com.example.uimodule.calendar.ShowCalendar
ADDED from src\main\AndroidManifest.xml:108:9-111:20
	android:label
		ADDED from src\main\AndroidManifest.xml:110:13-54
	android:name
		ADDED from src\main\AndroidManifest.xml:109:13-70
activity#com.example.uimodule.badge.ShowBadge
ADDED from src\main\AndroidManifest.xml:112:17-115:20
	android:label
		ADDED from src\main\AndroidManifest.xml:114:13-51
	android:name
		ADDED from src\main\AndroidManifest.xml:113:13-64
activity#com.example.uimodule.horicards.ActivityHoriCards
ADDED from src\main\AndroidManifest.xml:116:9-119:20
	android:label
		ADDED from src\main\AndroidManifest.xml:118:13-50
	android:name
		ADDED from src\main\AndroidManifest.xml:117:13-76
activity#com.example.uimodule.pulltorefresh.LauncherActivity
ADDED from src\main\AndroidManifest.xml:122:9-125:20
	android:label
		ADDED from src\main\AndroidManifest.xml:124:13-41
	android:name
		ADDED from src\main\AndroidManifest.xml:123:13-79
activity#com.example.uimodule.pulltorefresh.PullToRefreshListActivity
ADDED from src\main\AndroidManifest.xml:126:9-129:20
	android:label
		ADDED from src\main\AndroidManifest.xml:128:13-41
	android:name
		ADDED from src\main\AndroidManifest.xml:127:13-88
activity#com.example.uimodule.pulltorefresh.PullToRefreshListFragmentActivity
ADDED from src\main\AndroidManifest.xml:130:9-133:20
	android:label
		ADDED from src\main\AndroidManifest.xml:132:13-50
	android:name
		ADDED from src\main\AndroidManifest.xml:131:13-96
activity#com.example.uimodule.pulltorefresh.PullToRefreshListInViewPagerActivity
ADDED from src\main\AndroidManifest.xml:134:9-137:20
	android:label
		ADDED from src\main\AndroidManifest.xml:136:13-54
	android:name
		ADDED from src\main\AndroidManifest.xml:135:13-99
activity#com.example.uimodule.pulltorefresh.PullToRefreshGridActivity
ADDED from src\main\AndroidManifest.xml:138:9-141:20
	android:label
		ADDED from src\main\AndroidManifest.xml:140:13-41
	android:name
		ADDED from src\main\AndroidManifest.xml:139:13-88
activity#com.example.uimodule.pulltorefresh.PullToRefreshExpandableListActivity
ADDED from src\main\AndroidManifest.xml:142:9-145:20
	android:label
		ADDED from src\main\AndroidManifest.xml:144:13-51
	android:name
		ADDED from src\main\AndroidManifest.xml:143:13-98
activity#com.example.uimodule.pulltorefresh.PullToRefreshWebViewActivity
ADDED from src\main\AndroidManifest.xml:146:9-149:20
	android:label
		ADDED from src\main\AndroidManifest.xml:148:13-40
	android:name
		ADDED from src\main\AndroidManifest.xml:147:13-91
activity#com.example.uimodule.pulltorefresh.PullToRefreshScrollViewActivity
ADDED from src\main\AndroidManifest.xml:150:9-153:20
	android:label
		ADDED from src\main\AndroidManifest.xml:152:13-43
	android:name
		ADDED from src\main\AndroidManifest.xml:151:13-94
activity#com.example.uimodule.pulltorefresh.PullToRefreshHorizontalScrollViewActivity
ADDED from src\main\AndroidManifest.xml:154:9-157:20
	android:label
		ADDED from src\main\AndroidManifest.xml:156:13-53
	android:name
		ADDED from src\main\AndroidManifest.xml:155:13-104
activity#com.example.uimodule.pulltorefresh.PullToRefreshViewPagerActivity
ADDED from src\main\AndroidManifest.xml:158:9-161:20
	android:label
		ADDED from src\main\AndroidManifest.xml:160:13-42
	android:name
		ADDED from src\main\AndroidManifest.xml:159:13-93
activity#com.example.uimodule.pulltorefresh.PullToRefreshWebView2Activity
ADDED from src\main\AndroidManifest.xml:162:9-165:20
	android:label
		ADDED from src\main\AndroidManifest.xml:164:13-49
	android:name
		ADDED from src\main\AndroidManifest.xml:163:13-92
activity#com.example.uimodule.charts.ChartsMainActivity
ADDED from src\main\AndroidManifest.xml:168:9-171:20
	android:label
		ADDED from src\main\AndroidManifest.xml:170:13-62
	android:name
		ADDED from src\main\AndroidManifest.xml:169:13-74
activity#com.example.uimodule.charts.LineChartActivity
ADDED from src\main\AndroidManifest.xml:172:9-175:20
	android:label
		ADDED from src\main\AndroidManifest.xml:174:13-62
	android:name
		ADDED from src\main\AndroidManifest.xml:173:13-73
activity#com.example.uimodule.charts.ColumnChartActivity
ADDED from src\main\AndroidManifest.xml:176:9-179:20
	android:label
		ADDED from src\main\AndroidManifest.xml:178:13-64
	android:name
		ADDED from src\main\AndroidManifest.xml:177:13-75
activity#com.example.uimodule.charts.PieChartActivity
ADDED from src\main\AndroidManifest.xml:180:9-183:20
	android:label
		ADDED from src\main\AndroidManifest.xml:182:13-61
	android:name
		ADDED from src\main\AndroidManifest.xml:181:13-72
activity#com.example.uimodule.charts.BubbleChartActivity
ADDED from src\main\AndroidManifest.xml:184:9-187:20
	android:label
		ADDED from src\main\AndroidManifest.xml:186:13-64
	android:name
		ADDED from src\main\AndroidManifest.xml:185:13-75
activity#com.example.uimodule.charts.PreviewLineChartActivity
ADDED from src\main\AndroidManifest.xml:188:9-191:20
	android:label
		ADDED from src\main\AndroidManifest.xml:190:13-70
	android:name
		ADDED from src\main\AndroidManifest.xml:189:13-80
activity#com.example.uimodule.charts.PreviewColumnChartActivity
ADDED from src\main\AndroidManifest.xml:192:9-195:20
	android:label
		ADDED from src\main\AndroidManifest.xml:194:13-72
	android:name
		ADDED from src\main\AndroidManifest.xml:193:13-82
activity#com.example.uimodule.charts.ComboLineColumnChartActivity
ADDED from src\main\AndroidManifest.xml:196:9-199:20
	android:label
		ADDED from src\main\AndroidManifest.xml:198:13-75
	android:name
		ADDED from src\main\AndroidManifest.xml:197:13-84
activity#com.example.uimodule.charts.LineColumnDependencyActivity
ADDED from src\main\AndroidManifest.xml:200:9-203:20
	android:label
		ADDED from src\main\AndroidManifest.xml:202:13-74
	android:name
		ADDED from src\main\AndroidManifest.xml:201:13-84
activity#com.example.uimodule.charts.GoodBadChartActivity
ADDED from src\main\AndroidManifest.xml:204:9-207:20
	android:label
		ADDED from src\main\AndroidManifest.xml:206:13-60
	android:name
		ADDED from src\main\AndroidManifest.xml:205:13-76
activity#com.example.uimodule.charts.TempoChartActivity
ADDED from src\main\AndroidManifest.xml:208:9-211:20
	android:label
		ADDED from src\main\AndroidManifest.xml:210:13-63
	android:name
		ADDED from src\main\AndroidManifest.xml:209:13-74
activity#com.example.uimodule.charts.SpeedChartActivity
ADDED from src\main\AndroidManifest.xml:212:9-215:20
	android:label
		ADDED from src\main\AndroidManifest.xml:214:13-63
	android:name
		ADDED from src\main\AndroidManifest.xml:213:13-74
activity#com.example.uimodule.charts.ViewPagerChartsActivity
ADDED from src\main\AndroidManifest.xml:216:9-219:20
	android:label
		ADDED from src\main\AndroidManifest.xml:218:13-69
	android:name
		ADDED from src\main\AndroidManifest.xml:217:13-79
activity#com.example.basicapplibdemo.AboutActivity
ADDED from src\main\AndroidManifest.xml:220:9-223:20
	android:label
		ADDED from src\main\AndroidManifest.xml:222:13-57
	android:name
		ADDED from src\main\AndroidManifest.xml:221:13-69